[0m14:47:41.815515 [debug] [MainThread]: Sending event: {'category': 'dbt', 'action': 'invocation', 'label': 'start', 'context': [<snowplow_tracker.self_describing_json.SelfDescribingJson object at 0x000001F12CB51670>, <snowplow_tracker.self_describing_json.SelfDescribingJson object at 0x000001F1270299A0>, <snowplow_tracker.self_describing_json.SelfDescribingJson object at 0x000001F129308440>]}


============================== 14:47:41.836247 | 99aa8b49-3be8-42ca-a6b4-db1ff7e1593a ==============================
[0m14:47:41.836247 [info ] [MainThread]: Running with dbt=1.8.2
[0m14:47:41.836247 [debug] [MainThread]: running dbt with arguments {'printer_width': '80', 'indirect_selection': 'eager', 'write_json': 'True', 'log_cache_events': 'False', 'partial_parse': 'True', 'cache_selected_only': 'False', 'warn_error': 'None', 'version_check': 'True', 'fail_fast': 'False', 'log_path': 'logs', 'profiles_dir': 'C:\\Users\\karth\\.dbt', 'debug': 'False', 'use_colors': 'True', 'use_experimental_parser': 'False', 'no_print': 'None', 'quiet': 'False', 'warn_error_options': 'WarnErrorOptions(include=[], exclude=[])', 'invocation_command': 'dbt init dbtdemo', 'introspect': 'True', 'static_parser': 'True', 'target_path': 'None', 'log_format': 'default', 'send_anonymous_usage_stats': 'True'}
[0m14:47:41.862992 [warn ] [MainThread]: [ConfigFolderDirectory]: Unable to parse dict {'dir': WindowsPath('C:/Users/karth/.dbt')}
[0m14:47:41.862992 [info ] [MainThread]: Creating dbt configuration folder at 
[0m14:47:41.862992 [debug] [MainThread]: Starter project path: C:\Users\karth\AppData\Local\Programs\Python\Python312\Lib\site-packages\dbt\include\starter_project
[0m14:47:41.878517 [info ] [MainThread]: 
Your new dbt project "dbtdemo" was created!

For more information on how to configure the profiles.yml file,
please consult the dbt documentation here:

  https://docs.getdbt.com/docs/configure-your-profile

One more thing:

Need help? Don't hesitate to reach out to us via GitHub issues or on Slack:

  https://community.getdbt.com/

Happy modeling!

[0m14:47:41.878517 [info ] [MainThread]: Setting up your profile.
[0m14:50:00.129278 [debug] [MainThread]: Spark adapter: Setting pyhive.hive logging to ERROR
[0m14:50:00.129278 [debug] [MainThread]: Spark adapter: Setting thrift.transport logging to ERROR
[0m14:50:00.129278 [debug] [MainThread]: Spark adapter: Setting thrift.protocol logging to ERROR
[0m14:55:02.302296 [info ] [MainThread]: Profile dbtdemo written to C:\Users\karth\.dbt\profiles.yml using target's profile_template.yml and your supplied values. Run 'dbt debug' to validate the connection.
[0m14:55:02.306350 [debug] [MainThread]: Command `dbt init` succeeded at 14:55:02.305348 after 440.65 seconds
[0m14:55:02.309112 [debug] [MainThread]: Sending event: {'category': 'dbt', 'action': 'invocation', 'label': 'end', 'context': [<snowplow_tracker.self_describing_json.SelfDescribingJson object at 0x000001F12CCAA810>, <snowplow_tracker.self_describing_json.SelfDescribingJson object at 0x000001F12C3C94C0>, <snowplow_tracker.self_describing_json.SelfDescribingJson object at 0x000001F12C3C84A0>]}
[0m14:55:02.310114 [debug] [MainThread]: Flushing usage events
[0m14:55:19.209499 [debug] [MainThread]: Sending event: {'category': 'dbt', 'action': 'invocation', 'label': 'start', 'context': [<snowplow_tracker.self_describing_json.SelfDescribingJson object at 0x00000253668BAF00>, <snowplow_tracker.self_describing_json.SelfDescribingJson object at 0x0000025366DCF020>, <snowplow_tracker.self_describing_json.SelfDescribingJson object at 0x0000025364E37020>]}


============================== 14:55:19.214720 | b228638b-907d-4c1d-88e0-376c7a62dd96 ==============================
[0m14:55:19.214720 [info ] [MainThread]: Running with dbt=1.8.2
[0m14:55:19.215759 [debug] [MainThread]: running dbt with arguments {'printer_width': '80', 'indirect_selection': 'eager', 'write_json': 'True', 'log_cache_events': 'False', 'partial_parse': 'True', 'cache_selected_only': 'False', 'profiles_dir': 'C:\\Users\\karth\\.dbt', 'debug': 'False', 'warn_error': 'None', 'log_path': 'logs', 'fail_fast': 'False', 'version_check': 'True', 'use_colors': 'True', 'use_experimental_parser': 'False', 'no_print': 'None', 'quiet': 'False', 'log_format': 'default', 'static_parser': 'True', 'invocation_command': 'dbt debug', 'introspect': 'True', 'target_path': 'None', 'warn_error_options': 'WarnErrorOptions(include=[], exclude=[])', 'send_anonymous_usage_stats': 'True'}
[0m14:55:19.250643 [info ] [MainThread]: dbt version: 1.8.2
[0m14:55:19.251643 [info ] [MainThread]: python version: 3.12.4
[0m14:55:19.252644 [info ] [MainThread]: python path: C:\Users\karth\AppData\Local\Programs\Python\Python312\python.exe
[0m14:55:19.253957 [info ] [MainThread]: os info: Windows-11-10.0.22631-SP0
[0m14:55:19.411125 [debug] [MainThread]: Spark adapter: Setting pyhive.hive logging to ERROR
[0m14:55:19.412071 [debug] [MainThread]: Spark adapter: Setting thrift.transport logging to ERROR
[0m14:55:19.412071 [debug] [MainThread]: Spark adapter: Setting thrift.protocol logging to ERROR
[0m14:55:20.992760 [info ] [MainThread]: Using profiles dir at C:\Users\karth\.dbt
[0m14:55:20.993814 [info ] [MainThread]: Using profiles.yml file at C:\Users\karth\.dbt\profiles.yml
[0m14:55:20.994824 [info ] [MainThread]: Using dbt_project.yml file at C:\Users\karth\powerdbt\dbt_project.yml
[0m14:55:20.995822 [info ] [MainThread]: adapter type: databricks
[0m14:55:20.996868 [info ] [MainThread]: adapter version: 1.8.1
[0m14:55:20.997826 [info ] [MainThread]: Configuration:
[0m14:55:20.998891 [info ] [MainThread]:   profiles.yml file [[32mOK found and valid[0m]
[0m14:55:20.999875 [info ] [MainThread]:   dbt_project.yml file [[31mERROR not found[0m]
[0m14:55:21.000896 [info ] [MainThread]: Required dependencies:
[0m14:55:21.001879 [debug] [MainThread]: Executing "git --help"
[0m14:55:21.082564 [debug] [MainThread]: STDOUT: "b"usage: git [-v | --version] [-h | --help] [-C <path>] [-c <name>=<value>]\n           [--exec-path[=<path>]] [--html-path] [--man-path] [--info-path]\n           [-p | --paginate | -P | --no-pager] [--no-replace-objects] [--bare]\n           [--git-dir=<path>] [--work-tree=<path>] [--namespace=<name>]\n           [--config-env=<name>=<envvar>] <command> [<args>]\n\nThese are common Git commands used in various situations:\n\nstart a working area (see also: git help tutorial)\n   clone     Clone a repository into a new directory\n   init      Create an empty Git repository or reinitialize an existing one\n\nwork on the current change (see also: git help everyday)\n   add       Add file contents to the index\n   mv        Move or rename a file, a directory, or a symlink\n   restore   Restore working tree files\n   rm        Remove files from the working tree and from the index\n\nexamine the history and state (see also: git help revisions)\n   bisect    Use binary search to find the commit that introduced a bug\n   diff      Show changes between commits, commit and working tree, etc\n   grep      Print lines matching a pattern\n   log       Show commit logs\n   show      Show various types of objects\n   status    Show the working tree status\n\ngrow, mark and tweak your common history\n   branch    List, create, or delete branches\n   commit    Record changes to the repository\n   merge     Join two or more development histories together\n   rebase    Reapply commits on top of another base tip\n   reset     Reset current HEAD to the specified state\n   switch    Switch branches\n   tag       Create, list, delete or verify a tag object signed with GPG\n\ncollaborate (see also: git help workflows)\n   fetch     Download objects and refs from another repository\n   pull      Fetch from and integrate with another repository or a local branch\n   push      Update remote refs along with associated objects\n\n'git help -a' and 'git help -g' list available subcommands and some\nconcept guides. See 'git help <command>' or 'git help <concept>'\nto read about a specific subcommand or concept.\nSee 'git help git' for an overview of the system.\n""
[0m14:55:21.083566 [debug] [MainThread]: STDERR: "b''"
[0m14:55:21.083566 [info ] [MainThread]:  - git [[32mOK found[0m]

[0m14:55:21.087077 [info ] [MainThread]: Connection:
[0m14:55:21.089091 [info ] [MainThread]:   host: dbc-e050af1d-106d.cloud.databricks.com
[0m14:55:21.090086 [info ] [MainThread]:   http_path: /sql/1.0/warehouses/b193cce06f423357
[0m14:55:21.090086 [info ] [MainThread]:   catalog: dbt
[0m14:55:21.091084 [info ] [MainThread]:   schema: dbt
[0m14:55:21.092087 [info ] [MainThread]: Registered adapter: databricks=1.8.1
[0m14:55:21.092087 [debug] [MainThread]: Databricks adapter: DatabricksDBTConnection(id=2557545818608, session-id=None, name=debug, idle-time=0s, acquire-count=0, language=None, thread-identifier=(18184, 21472), compute-name=) - Creating connection
[0m14:55:21.093087 [debug] [MainThread]: Acquiring new databricks connection 'debug'
[0m14:55:21.093087 [debug] [MainThread]: Databricks adapter: DatabricksDBTConnection(id=2557545818608, session-id=None, name=debug, idle-time=0.0s, acquire-count=1, language=None, thread-identifier=(18184, 21472), compute-name=) - Acquired connection on thread (18184, 21472), using default compute resource
[0m14:55:21.094105 [debug] [MainThread]: Databricks adapter: DatabricksDBTConnection(id=2557545818608, session-id=None, name=debug, idle-time=0.0010180473327636719s, acquire-count=1, language=None, thread-identifier=(18184, 21472), compute-name=) - Checking idleness
[0m14:55:21.094105 [debug] [MainThread]: Databricks adapter: DatabricksDBTConnection(id=2557545818608, session-id=None, name=debug, idle-time=0.0010180473327636719s, acquire-count=1, language=None, thread-identifier=(18184, 21472), compute-name=) - Retrieving connection
[0m14:55:21.094105 [debug] [MainThread]: Using databricks connection "debug"
[0m14:55:21.095114 [debug] [MainThread]: On debug: select 1 as id
[0m14:55:21.095114 [debug] [MainThread]: Opening a new connection, currently in state init
[0m14:55:21.857421 [debug] [MainThread]: Databricks adapter: DatabricksDBTConnection(id=2557545818608, session-id=01ef2a88-0880-10ed-8569-249fae7cd9c9, name=debug, idle-time=0.0s, acquire-count=1, language=None, thread-identifier=(18184, 21472), compute-name=) - Connection created
[0m14:55:21.858424 [debug] [MainThread]: Databricks adapter: Cursor(session-id=01ef2a88-0880-10ed-8569-249fae7cd9c9, command-id=Unknown) - Created cursor
[0m14:55:31.532409 [debug] [MainThread]: SQL status: OK in 10.4399995803833 seconds
[0m14:55:31.533937 [debug] [MainThread]: Databricks adapter: Cursor(session-id=01ef2a88-0880-10ed-8569-249fae7cd9c9, command-id=01ef2a88-08bc-13ce-9d3b-ca67a462c80b) - Closing cursor
[0m14:55:31.707807 [debug] [MainThread]: Databricks adapter: DatabricksDBTConnection(id=2557545818608, session-id=01ef2a88-0880-10ed-8569-249fae7cd9c9, name=debug, idle-time=0.0s, acquire-count=0, language=None, thread-identifier=(18184, 21472), compute-name=) - Released connection
[0m14:55:31.709836 [info ] [MainThread]:   Connection test: [[32mOK connection ok[0m]

[0m14:55:31.711899 [info ] [MainThread]: [31m1 check failed:[0m
[0m14:55:31.712847 [info ] [MainThread]: Project loading failed for the following reason:
 project path <C:\Users\karth\powerdbt\dbt_project.yml> not found

[0m14:55:31.718138 [debug] [MainThread]: Command `dbt debug` failed at 14:55:31.717490 after 12.68 seconds
[0m14:55:31.720158 [debug] [MainThread]: Connection 'debug' was properly closed.
[0m14:55:31.723274 [debug] [MainThread]: On debug: Close
[0m14:55:31.725225 [debug] [MainThread]: Databricks adapter: Connection(session-id=01ef2a88-0880-10ed-8569-249fae7cd9c9) - Closing connection
[0m14:55:32.149003 [debug] [MainThread]: Sending event: {'category': 'dbt', 'action': 'invocation', 'label': 'end', 'context': [<snowplow_tracker.self_describing_json.SelfDescribingJson object at 0x00000253799C29F0>, <snowplow_tracker.self_describing_json.SelfDescribingJson object at 0x00000253664F7230>, <snowplow_tracker.self_describing_json.SelfDescribingJson object at 0x0000025379D7DB50>]}
[0m14:55:32.150816 [debug] [MainThread]: Flushing usage events
